  stdafx.cpp
  MiniScopeControl.cpp
  MiniScopeControlDlg.cpp
c:\users\admin2\desktop\iiis_daqsoftware\miniscopecontroldlg.cpp(466): warning C4244: '=': 'LONGLONG' から 'UINT' への変換です。データが失われる可能性があります。
c:\users\admin2\desktop\iiis_daqsoftware\miniscopecontroldlg.cpp(472): warning C4244: '引数': 'LONGLONG' から 'UINT' への変換です。データが失われる可能性があります。
c:\users\admin2\desktop\iiis_daqsoftware\miniscopecontroldlg.cpp(478): warning C4244: '引数': 'double' から 'UINT' への変換です。データが失われる可能性があります。
c:\users\admin2\desktop\iiis_daqsoftware\miniscopecontroldlg.cpp(479): warning C4244: '引数': 'double' から 'UINT' への変換です。データが失われる可能性があります。
c:\users\admin2\desktop\iiis_daqsoftware\miniscopecontroldlg.cpp(569): warning C4244: '=': 'double' から 'int' への変換です。データが失われる可能性があります。
c:\users\admin2\desktop\iiis_daqsoftware\miniscopecontroldlg.cpp(777): warning C4805: '==': 演算中の 'BOOL' 型と 'bool' 型の混用は安全ではありません
c:\users\admin2\desktop\iiis_daqsoftware\miniscopecontroldlg.cpp(778): warning C4244: '=': 'double' から 'unsigned char' への変換です。データが失われる可能性があります。
c:\users\admin2\desktop\iiis_daqsoftware\miniscopecontroldlg.cpp(804): warning C4244: '=': 'double' から 'LONGLONG' への変換です。データが失われる可能性があります。
c:\users\admin2\desktop\iiis_daqsoftware\miniscopecontroldlg.cpp(806): warning C4244: '=': 'double' から 'UINT' への変換です。データが失われる可能性があります。
c:\users\admin2\desktop\iiis_daqsoftware\miniscopecontroldlg.cpp(894): warning C4244: '=': 'double' から 'UINT' への変換です。データが失われる可能性があります。
c:\users\admin2\desktop\iiis_daqsoftware\miniscopecontroldlg.cpp(896): warning C4244: '=': 'double' から 'UINT' への変換です。データが失われる可能性があります。
c:\users\admin2\desktop\iiis_daqsoftware\miniscopecontroldlg.cpp(942): warning C4244: '引数': 'double' から 'int' への変換です。データが失われる可能性があります。
c:\users\admin2\desktop\iiis_daqsoftware\miniscopecontroldlg.cpp(966): warning C4244: '引数': 'double' から 'int' への変換です。データが失われる可能性があります。
c:\users\admin2\desktop\iiis_daqsoftware\miniscopecontroldlg.cpp(970): warning C4244: '=': 'double' から 'UINT' への変換です。データが失われる可能性があります。
c:\users\admin2\desktop\iiis_daqsoftware\miniscopecontroldlg.cpp(996): warning C4244: '=': 'double' から 'UINT' への変換です。データが失われる可能性があります。
  コード生成しています。
  All 855 functions were compiled because no usable IPDB/IOBJ from previous compilation was found.
  コード生成が終了しました。
  MiniScopeControl.vcxproj -> C:\Users\admin2\Desktop\iiis_DAQsoftware\x64\Release\MiniScopeControl.exe
